[debug] [2022-10-23T14:11:50.782Z] ----------------------------------------------------------------------
[debug] [2022-10-23T14:11:50.785Z] Command:       C:\Program Files\nodejs\node.exe C:\Users\chris\AppData\Roaming\npm\node_modules\firebase-tools\lib\bin\firebase.js init hosting
[debug] [2022-10-23T14:11:50.786Z] CLI Version:   11.9.0
[debug] [2022-10-23T14:11:50.786Z] Platform:      win32
[debug] [2022-10-23T14:11:50.786Z] Node Version:  v16.17.0
[debug] [2022-10-23T14:11:50.790Z] Time:          Sun Oct 23 2022 07:11:50 GMT-0700 (Mountain Standard Time)
[debug] [2022-10-23T14:11:50.790Z] ----------------------------------------------------------------------
[debug] 
[debug] [2022-10-23T14:11:50.803Z] >>> [apiv2][query] GET https://firebase-public.firebaseio.com/cli.json [none]
[debug] [2022-10-23T14:11:50.835Z] > command requires scopes: ["email","openid","https://www.googleapis.com/auth/cloudplatformprojects.readonly","https://www.googleapis.com/auth/firebase","https://www.googleapis.com/auth/cloud-platform"]
[debug] [2022-10-23T14:11:50.835Z] > authorizing via signed-in user (heberdenc20@gmail.com)
[info] 
     ######## #### ########  ######## ########     ###     ######  ########
     ##        ##  ##     ## ##       ##     ##  ##   ##  ##       ##
     ######    ##  ########  ######   ########  #########  ######  ######
     ##        ##  ##    ##  ##       ##     ## ##     ##       ## ##
     ##       #### ##     ## ######## ########  ##     ##  ######  ########

You're about to initialize a Firebase project in this directory:

  C:\Users\chris\Documents\Portfolio\frontend

[debug] [2022-10-23T14:11:51.117Z] <<< [apiv2][status] GET https://firebase-public.firebaseio.com/cli.json 200
[debug] [2022-10-23T14:11:51.117Z] <<< [apiv2][body] GET https://firebase-public.firebaseio.com/cli.json {"cloudBuildErrorAfter":1594252800000,"cloudBuildWarnAfter":1590019200000,"defaultNode10After":1594252800000,"minVersion":"3.0.5","node8DeploysDisabledAfter":1613390400000,"node8RuntimeDisabledAfter":1615809600000,"node8WarnAfter":1600128000000}
[info] 
=== Project Setup
[info] 
[info] First, let's associate this project directory with a Firebase project.
[info] You can create multiple project aliases by running firebase use --add, 
[info] but for now we'll just set up a default project.
[info] 
[debug] [2022-10-23T14:11:58.681Z] > refreshing access token with scopes: []
[debug] [2022-10-23T14:11:58.682Z] >>> [apiv2][query] POST https://www.googleapis.com/oauth2/v3/token [none]
[debug] [2022-10-23T14:11:58.682Z] >>> [apiv2][body] POST https://www.googleapis.com/oauth2/v3/token [omitted]
[debug] [2022-10-23T14:11:58.903Z] <<< [apiv2][status] POST https://www.googleapis.com/oauth2/v3/token 200
[debug] [2022-10-23T14:11:58.904Z] <<< [apiv2][body] POST https://www.googleapis.com/oauth2/v3/token [omitted]
[debug] [2022-10-23T14:11:58.918Z] >>> [apiv2][query] GET https://firebase.googleapis.com/v1beta1/projects pageSize=100
[debug] [2022-10-23T14:11:59.416Z] <<< [apiv2][status] GET https://firebase.googleapis.com/v1beta1/projects 200
[debug] [2022-10-23T14:11:59.416Z] <<< [apiv2][body] GET https://firebase.googleapis.com/v1beta1/projects [omitted]
[info] i  Using project portfolio-heberden (portfolio-heberden) 
[info] 
=== Hosting Setup
[info] 
[info] Your public directory is the folder (relative to your project directory) that
[info] will contain Hosting assets to be uploaded with firebase deploy. If you
[info] have a build process for your assets, use your build's output directory.
[info] 
[debug] [2022-10-23T14:15:59.921Z] ----------------------------------------------------------------------
[debug] [2022-10-23T14:15:59.924Z] Command:       C:\Program Files\nodejs\node.exe C:\Users\chris\AppData\Roaming\npm\node_modules\firebase-tools\lib\bin\firebase.js init hosting
[debug] [2022-10-23T14:15:59.925Z] CLI Version:   11.9.0
[debug] [2022-10-23T14:15:59.925Z] Platform:      win32
[debug] [2022-10-23T14:15:59.925Z] Node Version:  v16.17.0
[debug] [2022-10-23T14:15:59.926Z] Time:          Sun Oct 23 2022 07:15:59 GMT-0700 (Mountain Standard Time)
[debug] [2022-10-23T14:15:59.927Z] ----------------------------------------------------------------------
[debug] 
[debug] [2022-10-23T14:15:59.938Z] > command requires scopes: ["email","openid","https://www.googleapis.com/auth/cloudplatformprojects.readonly","https://www.googleapis.com/auth/firebase","https://www.googleapis.com/auth/cloud-platform"]
[debug] [2022-10-23T14:15:59.938Z] > authorizing via signed-in user (heberdenc20@gmail.com)
[info] 
     ######## #### ########  ######## ########     ###     ######  ########
     ##        ##  ##     ## ##       ##     ##  ##   ##  ##       ##
     ######    ##  ########  ######   ########  #########  ######  ######
     ##        ##  ##    ##  ##       ##     ## ##     ##       ## ##
     ##       #### ##     ## ######## ########  ##     ##  ######  ########

You're about to initialize a Firebase project in this directory:

  C:\Users\chris\Documents\Portfolio\frontend

[info] 
=== Project Setup
[info] 
[info] First, let's associate this project directory with a Firebase project.
[info] You can create multiple project aliases by running firebase use --add, 
[info] but for now we'll just set up a default project.
[info] 
[debug] [2022-10-23T14:16:07.840Z] >>> [apiv2][query] GET https://firebase.googleapis.com/v1beta1/projects pageSize=100
[debug] [2022-10-23T14:16:08.437Z] <<< [apiv2][status] GET https://firebase.googleapis.com/v1beta1/projects 200
[debug] [2022-10-23T14:16:08.437Z] <<< [apiv2][body] GET https://firebase.googleapis.com/v1beta1/projects [omitted]
[info] i  Using project portfolio-heberden (portfolio-heberden) 
[info] 
=== Hosting Setup
[info] 
[info] Your public directory is the folder (relative to your project directory) that
[info] will contain Hosting assets to be uploaded with firebase deploy. If you
[info] have a build process for your assets, use your build's output directory.
[info] 
[debug] [2022-10-23T14:16:43.524Z] >>> [apiv2][query] GET https://www.gstatic.com/firebasejs/releases.json [none]
[debug] [2022-10-23T14:16:43.885Z] <<< [apiv2][status] GET https://www.gstatic.com/firebasejs/releases.json 200
[debug] [2022-10-23T14:16:43.885Z] <<< [apiv2][body] GET https://www.gstatic.com/firebasejs/releases.json {"current":{"version":"9.12.1","browserURL":"https://www.gstatic.com/firebasejs/9.12.1/firebase.js","packageURL":"https://www.gstatic.com/firebasejs/9.12.1/firebase.tgz"},"live":{"version":"9.12","browserURL":"https://www.gstatic.com/firebasejs/live/9.12/firebase.js","packageURL":"https://www.gstatic.com/firebasejs/live/9.12/firebase.tgz"},"components":{"analytics":"https://www.gstatic.com/firebasejs/9.12.1/firebase-analytics.js","app":"https://www.gstatic.com/firebasejs/9.12.1/firebase-app.js","app-check":"https://www.gstatic.com/firebasejs/9.12.1/firebase-app-check.js","auth":"https://www.gstatic.com/firebasejs/9.12.1/firebase-auth.js","auth/cordova":"https://www.gstatic.com/firebasejs/9.12.1/firebase-auth/cordova.js","auth/react-native":"https://www.gstatic.com/firebasejs/9.12.1/firebase-auth/react-native.js","functions":"https://www.gstatic.com/firebasejs/9.12.1/firebase-functions.js","firestore":"https://www.gstatic.com/firebasejs/9.12.1/firebase-firestore.js","firestore/lite":"https://www.gstatic.com/firebasejs/9.12.1/firebase-firestore/lite.js","installations":"https://www.gstatic.com/firebasejs/9.12.1/firebase-installations.js","storage":"https://www.gstatic.com/firebasejs/9.12.1/firebase-storage.js","performance":"https://www.gstatic.com/firebasejs/9.12.1/firebase-performance.js","remote-config":"https://www.gstatic.com/firebasejs/9.12.1/firebase-remote-config.js","messaging":"https://www.gstatic.com/firebasejs/9.12.1/firebase-messaging.js","messaging/sw":"https://www.gstatic.com/firebasejs/9.12.1/firebase-messaging/sw.js","database":"https://www.gstatic.com/firebasejs/9.12.1/firebase-database.js","firestore.memory":"https://www.gstatic.com/firebasejs/9.12.1/firebase-firestore.memory.js"}}
[info] i  Skipping write of build/index.html 
[info] 
[info] i  Detected a .git folder at C:\Users\chris\Documents\Portfolio\frontend 
[info] i  Authorizing with GitHub to upload your service account to a GitHub repository's secrets store. 
[info] 
[info] Visit this URL on this device to log in:
[info] https://github.com/login/oauth/authorize?client_id=89cf50f02ac6aaed3484&state=955868251&redirect_uri=http%3A%2F%2Flocalhost%3A9005&scope=read%3Auser%20repo%20public_repo
[info] 
[info] Waiting for authentication...
[debug] [2022-10-23T14:17:06.911Z] >>> [apiv2][query] POST https://github.com/login/oauth/access_token [none]
[debug] [2022-10-23T14:17:06.911Z] >>> [apiv2][body] POST https://github.com/login/oauth/access_token [stream]
[debug] [2022-10-23T14:17:07.272Z] <<< [apiv2][status] POST https://github.com/login/oauth/access_token 200
[debug] [2022-10-23T14:17:07.272Z] <<< [apiv2][body] POST https://github.com/login/oauth/access_token {"access_token":"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","token_type":"bearer","scope":"read:user,repo"}
[debug] [2022-10-23T14:17:07.287Z] >>> [apiv2][query] GET https://api.github.com/user [none]
[debug] [2022-10-23T14:17:07.682Z] <<< [apiv2][status] GET https://api.github.com/user 200
[debug] [2022-10-23T14:17:07.682Z] <<< [apiv2][body] GET https://api.github.com/user {"login":"chrisHebs23","id":59972859,"node_id":"MDQ6VXNlcjU5OTcyODU5","avatar_url":"https://avatars.githubusercontent.com/u/59972859?v=4","gravatar_id":"","url":"https://api.github.com/users/chrisHebs23","html_url":"https://github.com/chrisHebs23","followers_url":"https://api.github.com/users/chrisHebs23/followers","following_url":"https://api.github.com/users/chrisHebs23/following{/other_user}","gists_url":"https://api.github.com/users/chrisHebs23/gists{/gist_id}","starred_url":"https://api.github.com/users/chrisHebs23/starred{/owner}{/repo}","subscriptions_url":"https://api.github.com/users/chrisHebs23/subscriptions","organizations_url":"https://api.github.com/users/chrisHebs23/orgs","repos_url":"https://api.github.com/users/chrisHebs23/repos","events_url":"https://api.github.com/users/chrisHebs23/events{/privacy}","received_events_url":"https://api.github.com/users/chrisHebs23/received_events","type":"User","site_admin":false,"name":"Christopher Heberden","company":null,"blog":"","location":null,"email":null,"hireable":null,"bio":null,"twitter_username":null,"public_repos":13,"public_gists":0,"followers":1,"following":3,"created_at":"2020-01-16T17:19:09Z","updated_at":"2022-10-23T14:16:54Z","private_gists":0,"total_private_repos":0,"owned_private_repos":0,"disk_usage":70109,"collaborators":0,"two_factor_authentication":false,"plan":{"name":"free","space":976562499,"collaborators":0,"private_repos":10000}}
[info] 
[info] +  Success! Logged into GitHub as chrisHebs23 
[info] 
